[0.923s] Invoking command in '/home/kcm/ros_project/colcon_ws/src/my_pkg': PYTHONPATH=/home/kcm/ros_project/colcon_ws/build/my_pkg/prefix_override:/home/kcm/ros_project/colcon_ws/install/my_pkg/lib/python3.10/site-packages:${PYTHONPATH} /usr/bin/python3 -W ignore:setup.py install is deprecated setup.py egg_info --egg-base ../../build/my_pkg build --build-base /home/kcm/ros_project/colcon_ws/build/my_pkg/build install --record /home/kcm/ros_project/colcon_ws/build/my_pkg/install.log --single-version-externally-managed install_data
[1.260s] running egg_info
[1.261s] writing ../../build/my_pkg/my_pkg.egg-info/PKG-INFO
[1.262s] writing dependency_links to ../../build/my_pkg/my_pkg.egg-info/dependency_links.txt
[1.263s] writing entry points to ../../build/my_pkg/my_pkg.egg-info/entry_points.txt
[1.264s] writing requirements to ../../build/my_pkg/my_pkg.egg-info/requires.txt
[1.264s] writing top-level names to ../../build/my_pkg/my_pkg.egg-info/top_level.txt
[1.267s] reading manifest file '../../build/my_pkg/my_pkg.egg-info/SOURCES.txt'
[1.269s] writing manifest file '../../build/my_pkg/my_pkg.egg-info/SOURCES.txt'
[1.270s] running build
[1.270s] running build_py
[1.272s] copying my_pkg/simple_message_pub.py -> /home/kcm/ros_project/colcon_ws/build/my_pkg/build/lib/my_pkg
[1.273s] running install
[1.274s] running install_lib
[1.276s] copying /home/kcm/ros_project/colcon_ws/build/my_pkg/build/lib/my_pkg/simple_message_pub.py -> /home/kcm/ros_project/colcon_ws/install/my_pkg/lib/python3.10/site-packages/my_pkg
[1.278s] byte-compiling /home/kcm/ros_project/colcon_ws/install/my_pkg/lib/python3.10/site-packages/my_pkg/simple_message_pub.py to simple_message_pub.cpython-310.pyc
[1.281s] running install_data
[1.282s] running install_egg_info
[1.285s] removing '/home/kcm/ros_project/colcon_ws/install/my_pkg/lib/python3.10/site-packages/my_pkg-0.0.0-py3.10.egg-info' (and everything under it)
[1.289s] Copying ../../build/my_pkg/my_pkg.egg-info to /home/kcm/ros_project/colcon_ws/install/my_pkg/lib/python3.10/site-packages/my_pkg-0.0.0-py3.10.egg-info
[1.293s] running install_scripts
[1.329s] Installing mpub script to /home/kcm/ros_project/colcon_ws/install/my_pkg/lib/my_pkg
[1.331s] writing list of installed files to '/home/kcm/ros_project/colcon_ws/build/my_pkg/install.log'
[1.382s] Invoked command in '/home/kcm/ros_project/colcon_ws/src/my_pkg' returned '0': PYTHONPATH=/home/kcm/ros_project/colcon_ws/build/my_pkg/prefix_override:/home/kcm/ros_project/colcon_ws/install/my_pkg/lib/python3.10/site-packages:${PYTHONPATH} /usr/bin/python3 -W ignore:setup.py install is deprecated setup.py egg_info --egg-base ../../build/my_pkg build --build-base /home/kcm/ros_project/colcon_ws/build/my_pkg/build install --record /home/kcm/ros_project/colcon_ws/build/my_pkg/install.log --single-version-externally-managed install_data
