[1.277s] Invoking command in '/home/kcm/ros_project/colcon_ws/src/my_pkg': PYTHONPATH=/home/kcm/ros_project/colcon_ws/build/my_pkg/prefix_override:/home/kcm/ros_project/colcon_ws/install/my_pkg/lib/python3.10/site-packages:${PYTHONPATH} /usr/bin/python3 -W ignore:setup.py install is deprecated setup.py egg_info --egg-base ../../build/my_pkg build --build-base /home/kcm/ros_project/colcon_ws/build/my_pkg/build install --record /home/kcm/ros_project/colcon_ws/build/my_pkg/install.log --single-version-externally-managed install_data
[1.645s] running egg_info
[1.648s] writing ../../build/my_pkg/my_pkg.egg-info/PKG-INFO
[1.649s] writing dependency_links to ../../build/my_pkg/my_pkg.egg-info/dependency_links.txt
[1.650s] writing entry points to ../../build/my_pkg/my_pkg.egg-info/entry_points.txt
[1.652s] writing requirements to ../../build/my_pkg/my_pkg.egg-info/requires.txt
[1.653s] writing top-level names to ../../build/my_pkg/my_pkg.egg-info/top_level.txt
[1.656s] reading manifest file '../../build/my_pkg/my_pkg.egg-info/SOURCES.txt'
[1.659s] writing manifest file '../../build/my_pkg/my_pkg.egg-info/SOURCES.txt'
[1.660s] running build
[1.661s] running build_py
[1.662s] running install
[1.663s] running install_lib
[1.666s] running install_data
[1.667s] running install_egg_info
[1.670s] removing '/home/kcm/ros_project/colcon_ws/install/my_pkg/lib/python3.10/site-packages/my_pkg-0.0.0-py3.10.egg-info' (and everything under it)
[1.672s] Copying ../../build/my_pkg/my_pkg.egg-info to /home/kcm/ros_project/colcon_ws/install/my_pkg/lib/python3.10/site-packages/my_pkg-0.0.0-py3.10.egg-info
[1.681s] running install_scripts
[1.720s] Installing mpub script to /home/kcm/ros_project/colcon_ws/install/my_pkg/lib/my_pkg
[1.721s] writing list of installed files to '/home/kcm/ros_project/colcon_ws/build/my_pkg/install.log'
[1.758s] Invoked command in '/home/kcm/ros_project/colcon_ws/src/my_pkg' returned '0': PYTHONPATH=/home/kcm/ros_project/colcon_ws/build/my_pkg/prefix_override:/home/kcm/ros_project/colcon_ws/install/my_pkg/lib/python3.10/site-packages:${PYTHONPATH} /usr/bin/python3 -W ignore:setup.py install is deprecated setup.py egg_info --egg-base ../../build/my_pkg build --build-base /home/kcm/ros_project/colcon_ws/build/my_pkg/build install --record /home/kcm/ros_project/colcon_ws/build/my_pkg/install.log --single-version-externally-managed install_data
