running egg_info
writing ../../build/body_pkg/body_pkg.egg-info/PKG-INFO
writing dependency_links to ../../build/body_pkg/body_pkg.egg-info/dependency_links.txt
writing entry points to ../../build/body_pkg/body_pkg.egg-info/entry_points.txt
writing requirements to ../../build/body_pkg/body_pkg.egg-info/requires.txt
writing top-level names to ../../build/body_pkg/body_pkg.egg-info/top_level.txt
reading manifest file '../../build/body_pkg/body_pkg.egg-info/SOURCES.txt'
writing manifest file '../../build/body_pkg/body_pkg.egg-info/SOURCES.txt'
running build
running build_py
copying body_pkg/body_up.py -> /home/kcm/ros_project/colcon_ws/build/body_pkg/build/lib/body_pkg
running install
running install_lib
copying /home/kcm/ros_project/colcon_ws/build/body_pkg/build/lib/body_pkg/body_up.py -> /home/kcm/ros_project/colcon_ws/install/body_pkg/lib/python3.10/site-packages/body_pkg
byte-compiling /home/kcm/ros_project/colcon_ws/install/body_pkg/lib/python3.10/site-packages/body_pkg/body_up.py to body_up.cpython-310.pyc
running install_data
running install_egg_info
removing '/home/kcm/ros_project/colcon_ws/install/body_pkg/lib/python3.10/site-packages/body_pkg-0.0.0-py3.10.egg-info' (and everything under it)
Copying ../../build/body_pkg/body_pkg.egg-info to /home/kcm/ros_project/colcon_ws/install/body_pkg/lib/python3.10/site-packages/body_pkg-0.0.0-py3.10.egg-info
running install_scripts
Installing body1 script to /home/kcm/ros_project/colcon_ws/install/body_pkg/lib/body_pkg
writing list of installed files to '/home/kcm/ros_project/colcon_ws/build/body_pkg/install.log'
