running egg_info
creating ../../build/body_pkg/body_pkg.egg-info
writing ../../build/body_pkg/body_pkg.egg-info/PKG-INFO
writing dependency_links to ../../build/body_pkg/body_pkg.egg-info/dependency_links.txt
writing entry points to ../../build/body_pkg/body_pkg.egg-info/entry_points.txt
writing requirements to ../../build/body_pkg/body_pkg.egg-info/requires.txt
writing top-level names to ../../build/body_pkg/body_pkg.egg-info/top_level.txt
writing manifest file '../../build/body_pkg/body_pkg.egg-info/SOURCES.txt'
reading manifest file '../../build/body_pkg/body_pkg.egg-info/SOURCES.txt'
writing manifest file '../../build/body_pkg/body_pkg.egg-info/SOURCES.txt'
running build
running build_py
creating /home/kcm/ros_project/colcon_ws/build/body_pkg/build
creating /home/kcm/ros_project/colcon_ws/build/body_pkg/build/lib
creating /home/kcm/ros_project/colcon_ws/build/body_pkg/build/lib/body_pkg
copying body_pkg/body_up.py -> /home/kcm/ros_project/colcon_ws/build/body_pkg/build/lib/body_pkg
copying body_pkg/__init__.py -> /home/kcm/ros_project/colcon_ws/build/body_pkg/build/lib/body_pkg
running install
running install_lib
creating /home/kcm/ros_project/colcon_ws/install/body_pkg/lib/python3.10/site-packages/body_pkg
copying /home/kcm/ros_project/colcon_ws/build/body_pkg/build/lib/body_pkg/body_up.py -> /home/kcm/ros_project/colcon_ws/install/body_pkg/lib/python3.10/site-packages/body_pkg
copying /home/kcm/ros_project/colcon_ws/build/body_pkg/build/lib/body_pkg/__init__.py -> /home/kcm/ros_project/colcon_ws/install/body_pkg/lib/python3.10/site-packages/body_pkg
byte-compiling /home/kcm/ros_project/colcon_ws/install/body_pkg/lib/python3.10/site-packages/body_pkg/body_up.py to body_up.cpython-310.pyc
byte-compiling /home/kcm/ros_project/colcon_ws/install/body_pkg/lib/python3.10/site-packages/body_pkg/__init__.py to __init__.cpython-310.pyc
running install_data
creating /home/kcm/ros_project/colcon_ws/install/body_pkg/share/ament_index
creating /home/kcm/ros_project/colcon_ws/install/body_pkg/share/ament_index/resource_index
creating /home/kcm/ros_project/colcon_ws/install/body_pkg/share/ament_index/resource_index/packages
copying resource/body_pkg -> /home/kcm/ros_project/colcon_ws/install/body_pkg/share/ament_index/resource_index/packages
copying package.xml -> /home/kcm/ros_project/colcon_ws/install/body_pkg/share/body_pkg
running install_egg_info
Copying ../../build/body_pkg/body_pkg.egg-info to /home/kcm/ros_project/colcon_ws/install/body_pkg/lib/python3.10/site-packages/body_pkg-0.0.0-py3.10.egg-info
running install_scripts
Installing body1 script to /home/kcm/ros_project/colcon_ws/install/body_pkg/lib/body_pkg
writing list of installed files to '/home/kcm/ros_project/colcon_ws/build/body_pkg/install.log'
