[0.870s] Invoking command in '/home/kcm/ros_project/colcon_ws/src/my_pkg': PYTHONPATH=/home/kcm/ros_project/colcon_ws/build/my_pkg/prefix_override:/home/kcm/ros_project/colcon_ws/install/my_pkg/lib/python3.10/site-packages:${PYTHONPATH} /usr/bin/python3 -W ignore:setup.py install is deprecated setup.py egg_info --egg-base ../../build/my_pkg build --build-base /home/kcm/ros_project/colcon_ws/build/my_pkg/build install --record /home/kcm/ros_project/colcon_ws/build/my_pkg/install.log --single-version-externally-managed install_data
[1.199s] running egg_info
[1.201s] writing ../../build/my_pkg/my_pkg.egg-info/PKG-INFO
[1.203s] writing dependency_links to ../../build/my_pkg/my_pkg.egg-info/dependency_links.txt
[1.204s] writing entry points to ../../build/my_pkg/my_pkg.egg-info/entry_points.txt
[1.205s] writing requirements to ../../build/my_pkg/my_pkg.egg-info/requires.txt
[1.205s] writing top-level names to ../../build/my_pkg/my_pkg.egg-info/top_level.txt
[1.209s] reading manifest file '../../build/my_pkg/my_pkg.egg-info/SOURCES.txt'
[1.210s] writing manifest file '../../build/my_pkg/my_pkg.egg-info/SOURCES.txt'
[1.211s] running build
[1.211s] running build_py
[1.213s] running install
[1.213s] running install_lib
[1.216s] running install_data
[1.216s] running install_egg_info
[1.219s] removing '/home/kcm/ros_project/colcon_ws/install/my_pkg/lib/python3.10/site-packages/my_pkg-0.0.0-py3.10.egg-info' (and everything under it)
[1.227s] Copying ../../build/my_pkg/my_pkg.egg-info to /home/kcm/ros_project/colcon_ws/install/my_pkg/lib/python3.10/site-packages/my_pkg-0.0.0-py3.10.egg-info
[1.237s] running install_scripts
[1.266s] Installing mpub script to /home/kcm/ros_project/colcon_ws/install/my_pkg/lib/my_pkg
[1.267s] writing list of installed files to '/home/kcm/ros_project/colcon_ws/build/my_pkg/install.log'
[1.304s] Invoked command in '/home/kcm/ros_project/colcon_ws/src/my_pkg' returned '0': PYTHONPATH=/home/kcm/ros_project/colcon_ws/build/my_pkg/prefix_override:/home/kcm/ros_project/colcon_ws/install/my_pkg/lib/python3.10/site-packages:${PYTHONPATH} /usr/bin/python3 -W ignore:setup.py install is deprecated setup.py egg_info --egg-base ../../build/my_pkg build --build-base /home/kcm/ros_project/colcon_ws/build/my_pkg/build install --record /home/kcm/ros_project/colcon_ws/build/my_pkg/install.log --single-version-externally-managed install_data
