[0.933s] Invoking command in '/home/kcm/ros_project/colcon_ws/src/my_pkg': PYTHONPATH=/home/kcm/ros_project/colcon_ws/build/my_pkg/prefix_override:/home/kcm/ros_project/colcon_ws/install/my_pkg/lib/python3.10/site-packages:${PYTHONPATH} /usr/bin/python3 -W ignore:setup.py install is deprecated setup.py egg_info --egg-base ../../build/my_pkg build --build-base /home/kcm/ros_project/colcon_ws/build/my_pkg/build install --record /home/kcm/ros_project/colcon_ws/build/my_pkg/install.log --single-version-externally-managed install_data
[1.282s] running egg_info
[1.284s] creating ../../build/my_pkg/my_pkg.egg-info
[1.284s] writing ../../build/my_pkg/my_pkg.egg-info/PKG-INFO
[1.285s] writing dependency_links to ../../build/my_pkg/my_pkg.egg-info/dependency_links.txt
[1.285s] writing entry points to ../../build/my_pkg/my_pkg.egg-info/entry_points.txt
[1.286s] writing requirements to ../../build/my_pkg/my_pkg.egg-info/requires.txt
[1.286s] writing top-level names to ../../build/my_pkg/my_pkg.egg-info/top_level.txt
[1.286s] writing manifest file '../../build/my_pkg/my_pkg.egg-info/SOURCES.txt'
[1.289s] reading manifest file '../../build/my_pkg/my_pkg.egg-info/SOURCES.txt'
[1.290s] writing manifest file '../../build/my_pkg/my_pkg.egg-info/SOURCES.txt'
[1.291s] running build
[1.291s] running build_py
[1.292s] creating /home/kcm/ros_project/colcon_ws/build/my_pkg/build
[1.292s] creating /home/kcm/ros_project/colcon_ws/build/my_pkg/build/lib
[1.292s] creating /home/kcm/ros_project/colcon_ws/build/my_pkg/build/lib/my_pkg
[1.292s] copying my_pkg/__init__.py -> /home/kcm/ros_project/colcon_ws/build/my_pkg/build/lib/my_pkg
[1.293s] running install
[1.294s] running install_lib
[1.296s] creating /home/kcm/ros_project/colcon_ws/install/my_pkg/lib/python3.10/site-packages/my_pkg
[1.296s] copying /home/kcm/ros_project/colcon_ws/build/my_pkg/build/lib/my_pkg/__init__.py -> /home/kcm/ros_project/colcon_ws/install/my_pkg/lib/python3.10/site-packages/my_pkg
[1.297s] byte-compiling /home/kcm/ros_project/colcon_ws/install/my_pkg/lib/python3.10/site-packages/my_pkg/__init__.py to __init__.cpython-310.pyc
[1.298s] running install_data
[1.298s] creating /home/kcm/ros_project/colcon_ws/install/my_pkg/share/ament_index
[1.298s] creating /home/kcm/ros_project/colcon_ws/install/my_pkg/share/ament_index/resource_index
[1.299s] creating /home/kcm/ros_project/colcon_ws/install/my_pkg/share/ament_index/resource_index/packages
[1.299s] copying resource/my_pkg -> /home/kcm/ros_project/colcon_ws/install/my_pkg/share/ament_index/resource_index/packages
[1.299s] copying package.xml -> /home/kcm/ros_project/colcon_ws/install/my_pkg/share/my_pkg
[1.299s] running install_egg_info
[1.302s] Copying ../../build/my_pkg/my_pkg.egg-info to /home/kcm/ros_project/colcon_ws/install/my_pkg/lib/python3.10/site-packages/my_pkg-0.0.0-py3.10.egg-info
[1.303s] running install_scripts
[1.338s] writing list of installed files to '/home/kcm/ros_project/colcon_ws/build/my_pkg/install.log'
[1.375s] Invoked command in '/home/kcm/ros_project/colcon_ws/src/my_pkg' returned '0': PYTHONPATH=/home/kcm/ros_project/colcon_ws/build/my_pkg/prefix_override:/home/kcm/ros_project/colcon_ws/install/my_pkg/lib/python3.10/site-packages:${PYTHONPATH} /usr/bin/python3 -W ignore:setup.py install is deprecated setup.py egg_info --egg-base ../../build/my_pkg build --build-base /home/kcm/ros_project/colcon_ws/build/my_pkg/build install --record /home/kcm/ros_project/colcon_ws/build/my_pkg/install.log --single-version-externally-managed install_data
